http://jerusalemshawarma.net/wp-content/uploads/2016/10/Grilled-Chicken.jpg
http://jerusalemshawarma.net/wp-content/uploads/2016/08/1.-Chicken-Shawarama-Plate.jpg
http://jerusalemshawarma.net/wp-content/uploads/2016/08/2.-Beef-Shawarma-Plate.jpg
http://jerusalemshawarma.net/wp-content/uploads/2016/10/mixed-shawarma-plate.jpg
http://jerusalemshawarma.net/wp-content/uploads/2016/08/4.-Beef-Donair-Plate.jpg
http://jerusalemshawarma.net/wp-content/uploads/2016/08/5.-Shish-Tawouk-Plate.jpg
http://jerusalemshawarma.net/wp-content/uploads/2016/08/6.-Beef-Kabob-Plate.jpg
http://jerusalemshawarma.net/wp-content/uploads/2016/10/mixed-bbq-plate.jpg
http://jerusalemshawarma.net/wp-content/uploads/2016/08/7.-Falafel-Plate.jpg
http://jerusalemshawarma.net/wp-content/uploads/2016/10/vegiterian-falafel-plate.jpg
http://jerusalemshawarma.net/wp-content/uploads/2016/08/grilled-chicken-couples.jpg
http://jerusalemshawarma.net/wp-content/uploads/2016/09/couples-platter.jpg
http://jerusalemshawarma.net/wp-content/uploads/2016/09/couple-sandwich.jpg
http://jerusalemshawarma.net/wp-content/uploads/2016/08/8.-9.-10.-Family-Plate.jpg
http://jerusalemshawarma.net/wp-content/uploads/2016/09/meat-lover.jpg
http://jerusalemshawarma.net/wp-content/uploads/2016/08/1.-Chicken-Shawarma-Wrap.jpg
http://jerusalemshawarma.net/wp-content/uploads/2016/08/2.-Beef-Shawarma-Wrap.jpg
http://jerusalemshawarma.net/wp-content/uploads/2016/08/3.-Shawarma-Mix-Beef-and-Chicken.jpg
http://jerusalemshawarma.net/wp-content/uploads/2016/08/4.-Beef-Donair-Wrap.jpg
http://jerusalemshawarma.net/wp-content/uploads/2016/08/5.-Beef-Kabab-Wrap-Shish-Tawouk.jpg
http://jerusalemshawarma.net/wp-content/uploads/2016/08/6.-Falafel-Wrap.jpg
http://jerusalemshawarma.net/wp-content/uploads/2016/08/1.-Garlic-Potatos.jpg
http://jerusalemshawarma.net/wp-content/uploads/2016/08/2-Hummus.jpg
http://jerusalemshawarma.net/wp-content/uploads/2016/08/3.-Foul.jpg
http://jerusalemshawarma.net/wp-content/uploads/2016/08/4.-Falafel.jpg
http://jerusalemshawarma.net/wp-content/uploads/2016/08/5.-Rice.jpg
http://jerusalemshawarma.net/wp-content/uploads/2016/08/6.-Stuffed-Vine-Leaves.jpg
http://jerusalemshawarma.net/wp-content/uploads/2016/08/7.-Hummus-with-Shawarma.jpg
http://jerusalemshawarma.net/wp-content/uploads/2016/08/1.-Garlic-Sauce.jpg
http://jerusalemshawarma.net/wp-content/uploads/2016/09/menu-greek-salad.jpg
http://jerusalemshawarma.net/wp-content/uploads/2016/09/menu-corn-salad.jpg
http://jerusalemshawarma.net/wp-content/uploads/2016/09/menu-russian-salad.jpg
http://jerusalemshawarma.net/wp-content/uploads/2016/08/1.-Fatuch-Salad.jpg
http://jerusalemshawarma.net/wp-content/uploads/2016/08/1.-Garlic-Sauce.jpg
http://jerusalemshawarma.net/wp-content/uploads/2016/08/2.-Tahini-Sauce.jpg
http://jerusalemshawarma.net/wp-content/uploads/2016/08/3.-Sweet-Sauce.jpg
http://jerusalemshawarma.net/wp-content/uploads/2016/08/4.-Tazika-Sauce.jpg
http://jerusalemshawarma.net/wp-content/uploads/2016/08/5.-Mango-Sauce.jpg
http://jerusalemshawarma.net/wp-content/uploads/2016/08/6.-Hot-Sauce.jpg
http://jerusalemshawarma.net/wp-content/uploads/2016/08/7.-Barbeque-Sauce.jpg
